#
# A fatal error has been detected by the Java Runtime Environment:
#
#  Internal Error (safepoint.cpp:691), pid=18800, tid=0x0000588c
#  fatal error: : Deadlock in safepoint code.  Should have called back to the VM before blocking.
#
# JRE version: Java(TM) SE Runtime Environment (8.0_321-b07) (build 1.8.0_321-b07)
# Java VM: Java HotSpot(TM) Client VM (25.321-b07 mixed mode, sharing windows-x86 )
# Failed to write core dump. Minidumps are not enabled by default on client versions of Windows
#
# If you would like to submit a bug report, please visit:
#   http://bugreport.java.com/bugreport/crash.jsp
#

---------------  T H R E A D  ---------------

Current thread (0x15f32400):  JavaThread "JavaFX Application Thread" [_thread_in_native_trans, id=22668, stack(0x16300000,0x16400000)]

Stack: [0x16300000,0x16400000],  sp=0x163feb00,  free space=1018k
Native frames: (J=compiled Java code, j=interpreted, Vv=VM code, C=native code)
V  [jvm.dll+0x1b921e]
V  [jvm.dll+0x1b1374]
V  [jvm.dll+0x176d89]
V  [jvm.dll+0x185b38]
V  [jvm.dll+0x9df0]
V  [jvm.dll+0xe0a08]
C  [glass.dll+0x49fc]
C  [glass.dll+0x1755]

Java frames: (J=compiled Java code, j=interpreted, Vv=VM code)
j  com.sun.glass.ui.win.WinApplication._runLoop(Ljava/lang/Runnable;)V+0
j  com.sun.glass.ui.win.WinApplication.lambda$null$4(ILjava/lang/Runnable;)V+8
j  com.sun.glass.ui.win.WinApplication$$Lambda$38.run()V+12
j  java.lang.Thread.run()V+11
v  ~StubRoutines::call_stub

---------------  P R O C E S S  ---------------

Java Threads: ( => current thread )
  0x1a855400 JavaThread "Prism Font Disposer" daemon [_thread_blocked, id=16004, stack(0x1c4e0000,0x1c530000)]
  0x15f98800 JavaThread "Thread-3" daemon [_thread_blocked, id=13060, stack(0x1b000000,0x1b050000)]
  0x1a6e7c00 JavaThread "JavaFX-Launcher" [_thread_blocked, id=9420, stack(0x1b090000,0x1b0e0000)]
=>0x15f32400 JavaThread "JavaFX Application Thread" [_thread_in_native_trans, id=22668, stack(0x16300000,0x16400000)]
  0x15f2ec00 JavaThread "Thread-1" daemon [_thread_blocked, id=14088, stack(0x16270000,0x162c0000)]
  0x15ec2000 JavaThread "QuantumRenderer-0" daemon [_thread_blocked, id=2948, stack(0x160c0000,0x16110000)]
  0x00ea2400 JavaThread "Service Thread" daemon [_thread_blocked, id=22344, stack(0x156a0000,0x156f0000)]
  0x00e7b400 JavaThread "C1 CompilerThread0" daemon [_thread_blocked, id=17744, stack(0x15610000,0x15660000)]
  0x00e7a000 JavaThread "Attach Listener" daemon [_thread_blocked, id=12084, stack(0x15580000,0x155d0000)]
  0x00e78400 JavaThread "Signal Dispatcher" daemon [_thread_blocked, id=17692, stack(0x154f0000,0x15540000)]
  0x00e63c00 JavaThread "Finalizer" daemon [_thread_blocked, id=21028, stack(0x15360000,0x153b0000)]
  0x00e04800 JavaThread "Reference Handler" daemon [_thread_blocked, id=1372, stack(0x152d0000,0x15320000)]
  0x00ddd800 JavaThread "main" [_thread_blocked, id=16020, stack(0x00ce0000,0x00d30000)]

Other Threads:
  0x00e02000 VMThread [stack: 0x15280000,0x152d0000] [id=7548]
  0x00eae000 WatcherThread [stack: 0x15830000,0x15880000] [id=18280]

VM state:synchronizing (normal execution)

VM Mutex/Monitor currently owned by a thread:  ([mutex/lock_event])
[0x00dd9448] Threads_lock - owner thread: 0x00e02000

Heap:
 def new generation   total 4928K, used 2879K [0x04800000, 0x04d50000, 0x09d50000)
  eden space 4416K,  53% used [0x04800000, 0x04a4fd90, 0x04c50000)
  from space 512K, 100% used [0x04cd0000, 0x04d50000, 0x04d50000)
  to   space 512K,   0% used [0x04c50000, 0x04c50000, 0x04cd0000)
 tenured generation   total 10944K, used 6030K [0x09d50000, 0x0a800000, 0x14800000)
   the space 10944K,  55% used [0x09d50000, 0x0a333858, 0x0a333a00, 0x0a800000)
 Metaspace       used 7635K, capacity 9275K, committed 9344K, reserved 9600K

Card table byte_map: [0x046d0000,0x04760000] byte_map_base: 0x046ac000

Polling page: 0x00bd0000

CodeCache: size=32768Kb used=1817Kb max_used=1817Kb free=30950Kb
 bounds [0x02650000, 0x02818000, 0x04650000]
 total_blobs=1220 nmethods=815 adapters=335
 compilation: enabled

Compilation events (10 events):
Event: 2.609 Thread 0x00e7b400  817             com.sun.prism.d3d.D3DTextureResource::isValid (28 bytes)
Event: 2.609 Thread 0x00e7b400 nmethod 817 0x02815a88 code [0x02815b80, 0x02815c60]
Event: 2.611 Thread 0x00e7b400  818             java.lang.Integer::hashCode (8 bytes)
Event: 2.611 Thread 0x00e7b400 nmethod 818 0x02815d08 code [0x02815e00, 0x02815e80]
Event: 2.611 Thread 0x00e7b400  819             java.lang.Integer::hashCode (2 bytes)
Event: 2.611 Thread 0x00e7b400 nmethod 819 0x02815ec8 code [0x02815fc0, 0x02816030]
Event: 2.614 Thread 0x00e7b400  820             com.sun.javafx.geom.transform.AffineBase::getMxy (5 bytes)
Event: 2.614 Thread 0x00e7b400 nmethod 820 0x02816088 code [0x02816180, 0x02816200]
Event: 2.614 Thread 0x00e7b400  821             com.sun.javafx.geom.transform.GeneralTransform3D::updateState (196 bytes)
Event: 2.615 Thread 0x00e7b400 nmethod 821 0x02816248 code [0x02816390, 0x02816760]

GC Heap History (10 events):
Event: 0.911 GC heap before
{Heap before GC invocations=4 (full 0):
 def new generation   total 4928K, used 4928K [0x04800000, 0x04d50000, 0x09d50000)
  eden space 4416K, 100% used [0x04800000, 0x04c50000, 0x04c50000)
  from space 512K, 100% used [0x04c50000, 0x04cd0000, 0x04cd0000)
  to   space 512K,   0% used [0x04cd0000, 0x04cd0000, 0x04d50000)
 tenured generation   total 10944K, used 2625K [0x09d50000, 0x0a800000, 0x14800000)
   the space 10944K,  23% used [0x09d50000, 0x09fe05b0, 0x09fe0600, 0x0a800000)
 Metaspace       used 5200K, capacity 6733K, committed 6784K, reserved 7552K
Event: 0.914 GC heap after
Heap after GC invocations=5 (full 0):
 def new generation   total 4928K, used 512K [0x04800000, 0x04d50000, 0x09d50000)
  eden space 4416K,   0% used [0x04800000, 0x04800000, 0x04c50000)
  from space 512K, 100% used [0x04cd0000, 0x04d50000, 0x04d50000)
  to   space 512K,   0% used [0x04c50000, 0x04c50000, 0x04cd0000)
 tenured generation   total 10944K, used 3263K [0x09d50000, 0x0a800000, 0x14800000)
   the space 10944K,  29% used [0x09d50000, 0x0a07fc70, 0x0a07fe00, 0x0a800000)
 Metaspace       used 5200K, capacity 6733K, committed 6784K, reserved 7552K
}
Event: 1.130 GC heap before
{Heap before GC invocations=5 (full 0):
 def new generation   total 4928K, used 4928K [0x04800000, 0x04d50000, 0x09d50000)
  eden space 4416K, 100% used [0x04800000, 0x04c50000, 0x04c50000)
  from space 512K, 100% used [0x04cd0000, 0x04d50000, 0x04d50000)
  to   space 512K,   0% used [0x04c50000, 0x04c50000, 0x04cd0000)
 tenured generation   total 10944K, used 3263K [0x09d50000, 0x0a800000, 0x14800000)
   the space 10944K,  29% used [0x09d50000, 0x0a07fc70, 0x0a07fe00, 0x0a800000)
 Metaspace       used 6188K, capacity 7836K, committed 7936K, reserved 8576K
Event: 1.134 GC heap after
Heap after GC invocations=6 (full 0):
 def new generation   total 4928K, used 354K [0x04800000, 0x04d50000, 0x09d50000)
  eden space 4416K,   0% used [0x04800000, 0x04800000, 0x04c50000)
  from space 512K,  69% used [0x04c50000, 0x04ca8a10, 0x04cd0000)
  to   space 512K,   0% used [0x04cd0000, 0x04cd0000, 0x04d50000)
 tenured generation   total 10944K, used 3732K [0x09d50000, 0x0a800000, 0x14800000)
   the space 10944K,  34% used [0x09d50000, 0x0a0f5328, 0x0a0f5400, 0x0a800000)
 Metaspace       used 6188K, capacity 7836K, committed 7936K, reserved 8576K
}
Event: 1.304 GC heap before
{Heap before GC invocations=6 (full 0):
 def new generation   total 4928K, used 4770K [0x04800000, 0x04d50000, 0x09d50000)
  eden space 4416K, 100% used [0x04800000, 0x04c50000, 0x04c50000)
  from space 512K,  69% used [0x04c50000, 0x04ca8a10, 0x04cd0000)
  to   space 512K,   0% used [0x04cd0000, 0x04cd0000, 0x04d50000)
 tenured generation   total 10944K, used 3732K [0x09d50000, 0x0a800000, 0x14800000)
   the space 10944K,  34% used [0x09d50000, 0x0a0f5328, 0x0a0f5400, 0x0a800000)
 Metaspace       used 7216K, capacity 8877K, committed 8960K, reserved 9600K
Event: 1.309 GC heap after
Heap after GC invocations=7 (full 0):
 def new generation   total 4928K, used 509K [0x04800000, 0x04d50000, 0x09d50000)
  eden space 4416K,   0% used [0x04800000, 0x04800000, 0x04c50000)
  from space 512K,  99% used [0x04cd0000, 0x04d4f630, 0x04d50000)
  to   space 512K,   0% used [0x04c50000, 0x04c50000, 0x04cd0000)
 tenured generation   total 10944K, used 4058K [0x09d50000, 0x0a800000, 0x14800000)
   the space 10944K,  37% used [0x09d50000, 0x0a1468b0, 0x0a146a00, 0x0a800000)
 Metaspace       used 7216K, capacity 8877K, committed 8960K, reserved 9600K
}
Event: 2.438 GC heap before
{Heap before GC invocations=7 (full 0):
 def new generation   total 4928K, used 4925K [0x04800000, 0x04d50000, 0x09d50000)
  eden space 4416K, 100% used [0x04800000, 0x04c50000, 0x04c50000)
  from space 512K,  99% used [0x04cd0000, 0x04d4f630, 0x04d50000)
  to   space 512K,   0% used [0x04c50000, 0x04c50000, 0x04cd0000)
 tenured generation   total 10944K, used 4058K [0x09d50000, 0x0a800000, 0x14800000)
   the space 10944K,  37% used [0x09d50000, 0x0a1468b0, 0x0a146a00, 0x0a800000)
 Metaspace       used 7499K, capacity 9158K, committed 9216K, reserved 9600K
Event: 2.443 GC heap after
Heap after GC invocations=8 (full 0):
 def new generation   total 4928K, used 512K [0x04800000, 0x04d50000, 0x09d50000)
  eden space 4416K,   0% used [0x04800000, 0x04800000, 0x04c50000)
  from space 512K, 100% used [0x04c50000, 0x04cd0000, 0x04cd0000)
  to   space 512K,   0% used [0x04cd0000, 0x04cd0000, 0x04d50000)
 tenured generation   total 10944K, used 5568K [0x09d50000, 0x0a800000, 0x14800000)
   the space 10944K,  50% used [0x09d50000, 0x0a2c02b0, 0x0a2c0400, 0x0a800000)
 Metaspace       used 7499K, capacity 9158K, committed 9216K, reserved 9600K
}
Event: 2.555 GC heap before
{Heap before GC invocations=8 (full 0):
 def new generation   total 4928K, used 4396K [0x04800000, 0x04d50000, 0x09d50000)
  eden space 4416K,  87% used [0x04800000, 0x04bcb2c0, 0x04c50000)
  from space 512K, 100% used [0x04c50000, 0x04cd0000, 0x04cd0000)
  to   space 512K,   0% used [0x04cd0000, 0x04cd0000, 0x04d50000)
 tenured generation   total 10944K, used 5568K [0x09d50000, 0x0a800000, 0x14800000)
   the space 10944K,  50% used [0x09d50000, 0x0a2c02b0, 0x0a2c0400, 0x0a800000)
 Metaspace       used 7631K, capacity 9275K, committed 9344K, reserved 9600K
Event: 2.559 GC heap after
Heap after GC invocations=9 (full 0):
 def new generation   total 4928K, used 512K [0x04800000, 0x04d50000, 0x09d50000)
  eden space 4416K,   0% used [0x04800000, 0x04800000, 0x04c50000)
  from space 512K, 100% used [0x04cd0000, 0x04d50000, 0x04d50000)
  to   space 512K,   0% used [0x04c50000, 0x04c50000, 0x04cd0000)
 tenured generation   total 10944K, used 6030K [0x09d50000, 0x0a800000, 0x14800000)
   the space 10944K,  55% used [0x09d50000, 0x0a333858, 0x0a333a00, 0x0a800000)
 Metaspace       used 7631K, capacity 9275K, committed 9344K, reserved 9600K
}

Deoptimization events (0 events):
No events

Classes redefined (0 events):
No events

Internal exceptions (10 events):
Event: 0.026 Thread 0x00ddd800 Exception <a 'java/lang/NoSuchMethodError': Method sun.misc.Unsafe.prefetchRead(Ljava/lang/Object;J)V name or signature does not match> (0x04807ce8) thrown at [C:\jenkins\workspace\8-2-build-windows-i586-cygwin\jdk8u321\2141\hotspot\src\share\vm\prims\jni
Event: 0.109 Thread 0x00ddd800 Exception <a 'java/lang/NoSuchFieldError': method resolution failed> (0x0497cbf0) thrown at [C:\jenkins\workspace\8-2-build-windows-i586-cygwin\jdk8u321\2141\hotspot\src\share\vm\prims\methodHandles.cpp, line 1169]
Event: 0.110 Thread 0x00ddd800 Exception <a 'java/lang/NoSuchFieldError': method resolution failed> (0x04988d40) thrown at [C:\jenkins\workspace\8-2-build-windows-i586-cygwin\jdk8u321\2141\hotspot\src\share\vm\prims\methodHandles.cpp, line 1169]
Event: 0.133 Thread 0x00ddd800 Exception <a 'java/security/PrivilegedActionException'> (0x04a094e0) thrown at [C:\jenkins\workspace\8-2-build-windows-i586-cygwin\jdk8u321\2141\hotspot\src\share\vm\prims\jvm.cpp, line 1523]
Event: 0.133 Thread 0x00ddd800 Exception <a 'java/security/PrivilegedActionException'> (0x04a096e0) thrown at [C:\jenkins\workspace\8-2-build-windows-i586-cygwin\jdk8u321\2141\hotspot\src\share\vm\prims\jvm.cpp, line 1523]
Event: 0.134 Thread 0x00ddd800 Exception <a 'java/security/PrivilegedActionException'> (0x04a0d7b8) thrown at [C:\jenkins\workspace\8-2-build-windows-i586-cygwin\jdk8u321\2141\hotspot\src\share\vm\prims\jvm.cpp, line 1523]
Event: 0.134 Thread 0x00ddd800 Exception <a 'java/security/PrivilegedActionException'> (0x04a0d9b8) thrown at [C:\jenkins\workspace\8-2-build-windows-i586-cygwin\jdk8u321\2141\hotspot\src\share\vm\prims\jvm.cpp, line 1523]
Event: 0.135 Thread 0x00ddd800 Exception <a 'java/lang/NullPointerException'> (0x04a0df20) thrown at [C:\jenkins\workspace\8-2-build-windows-i586-cygwin\jdk8u321\2141\hotspot\src\share\vm\interpreter\linkResolver.cpp, line 1185]
Event: 0.521 Thread 0x15f32400 Exception <a 'java/lang/NullPointerException'> (0x049ef3d0) thrown at [C:\jenkins\workspace\8-2-build-windows-i586-cygwin\jdk8u321\2141\hotspot\src\share\vm\interpreter\linkResolver.cpp, line 1185]
Event: 0.521 Thread 0x15f32400 Exception <a 'java/lang/NullPointerException'> (0x049ef3d0) thrown at [C:\jenkins\workspace\8-2-build-windows-i586-cygwin\jdk8u321\2141\hotspot\src\share\vm\prims\jvm.cpp, line 1527]

Events (10 events):
Event: 2.555 loading class com/sun/javafx/sg/prism/RegionImageCache$CachedImage
Event: 2.555 loading class com/sun/javafx/sg/prism/RegionImageCache$CachedImage done
Event: 2.555 Executing VM operation: GenCollectForAllocation
Event: 2.559 Executing VM operation: GenCollectForAllocation done
Event: 2.560 loading class com/sun/prism/shader/Mask_TextureSuper_Loader
Event: 2.560 loading class com/sun/prism/shader/Mask_TextureSuper_Loader done
Event: 2.583 loading class com/jfoenix/controls/JFXRippler$RippleGenerator$$Lambda$1
Event: 2.583 loading class com/jfoenix/controls/JFXRippler$RippleGenerator$$Lambda$1 done
Event: 2.586 loading class com/jfoenix/controls/JFXRippler$$Lambda$7
Event: 2.586 loading class com/jfoenix/controls/JFXRippler$$Lambda$7 done


Dynamic libraries:
0x00690000 - 0x006ce000 	C:\Program Files (x86)\Java\jdk1.8.0_321\bin\java.exe
0x77520000 - 0x776c3000 	C:\Windows\SYSTEM32\ntdll.dll
0x770d0000 - 0x771c0000 	C:\Windows\System32\KERNEL32.DLL
0x754a0000 - 0x756b4000 	C:\Windows\System32\KERNELBASE.dll
0x68010000 - 0x680af000 	C:\Windows\SYSTEM32\apphelp.dll
0x76e30000 - 0x76eab000 	C:\Windows\System32\ADVAPI32.dll
0x760c0000 - 0x7617f000 	C:\Windows\System32\msvcrt.dll
0x767a0000 - 0x76816000 	C:\Windows\System32\sechost.dll
0x753e0000 - 0x7549e000 	C:\Windows\System32\RPCRT4.dll
0x77340000 - 0x774e0000 	C:\Windows\System32\USER32.dll
0x76480000 - 0x76498000 	C:\Windows\System32\win32u.dll
0x774e0000 - 0x77504000 	C:\Windows\System32\GDI32.dll
0x77200000 - 0x772de000 	C:\Windows\System32\gdi32full.dll
0x761e0000 - 0x7625b000 	C:\Windows\System32\msvcp_win.dll
0x76fb0000 - 0x770d0000 	C:\Windows\System32\ucrtbase.dll
0x73bf0000 - 0x73e00000 	C:\Windows\WinSxS\x86_microsoft.windows.common-controls_6595b64144ccf1df_6.0.19041.1110_none_a8625c1886757984\COMCTL32.dll
0x75a50000 - 0x75a75000 	C:\Windows\System32\IMM32.DLL
0x5bcf0000 - 0x5bd03000 	C:\Program Files (x86)\Java\jdk1.8.0_321\jre\bin\vcruntime140.dll
0x5bc80000 - 0x5bcef000 	C:\Program Files (x86)\Java\jdk1.8.0_321\jre\bin\msvcp140.dll
0x5b7d0000 - 0x5bbaf000 	C:\Program Files (x86)\Java\jdk1.8.0_321\jre\bin\client\jvm.dll
0x76e20000 - 0x76e26000 	C:\Windows\System32\PSAPI.DLL
0x6bf30000 - 0x6bf38000 	C:\Windows\SYSTEM32\WSOCK32.dll
0x725b0000 - 0x725d8000 	C:\Windows\SYSTEM32\WINMM.dll
0x76f40000 - 0x76fa3000 	C:\Windows\System32\WS2_32.dll
0x75390000 - 0x75398000 	C:\Windows\SYSTEM32\VERSION.dll
0x74b90000 - 0x74b9f000 	C:\Windows\SYSTEM32\kernel.appcore.dll
0x5bc70000 - 0x5bc7d000 	C:\Program Files (x86)\Java\jdk1.8.0_321\jre\bin\verify.dll
0x5b7a0000 - 0x5b7c4000 	C:\Program Files (x86)\Java\jdk1.8.0_321\jre\bin\java.dll
0x5bc50000 - 0x5bc64000 	C:\Program Files (x86)\Java\jdk1.8.0_321\jre\bin\zip.dll
0x75a80000 - 0x76036000 	C:\Windows\System32\SHELL32.dll
0x74d70000 - 0x7537c000 	C:\Windows\SYSTEM32\windows.storage.dll
0x757c0000 - 0x75a41000 	C:\Windows\System32\combase.dll
0x74d40000 - 0x74d65000 	C:\Windows\SYSTEM32\Wldp.dll
0x763f0000 - 0x76477000 	C:\Windows\System32\SHCORE.dll
0x76eb0000 - 0x76ef5000 	C:\Windows\System32\shlwapi.dll
0x74080000 - 0x74098000 	C:\Windows\SYSTEM32\profapi.dll
0x5b760000 - 0x5b763000 	C:\Program Files (x86)\Java\jdk1.8.0_321\jre\bin\api-ms-win-core-console-l1-1-0.dll
0x5b750000 - 0x5b753000 	C:\Program Files (x86)\Java\jdk1.8.0_321\jre\bin\api-ms-win-core-console-l1-2-0.dll
0x5b740000 - 0x5b743000 	C:\Program Files (x86)\Java\jdk1.8.0_321\jre\bin\api-ms-win-core-datetime-l1-1-0.dll
0x5b730000 - 0x5b733000 	C:\Program Files (x86)\Java\jdk1.8.0_321\jre\bin\api-ms-win-core-debug-l1-1-0.dll
0x5b720000 - 0x5b723000 	C:\Program Files (x86)\Java\jdk1.8.0_321\jre\bin\api-ms-win-core-errorhandling-l1-1-0.dll
0x5b710000 - 0x5b714000 	C:\Program Files (x86)\Java\jdk1.8.0_321\jre\bin\api-ms-win-core-file-l1-1-0.dll
0x5b700000 - 0x5b703000 	C:\Program Files (x86)\Java\jdk1.8.0_321\jre\bin\api-ms-win-core-file-l1-2-0.dll
0x5b6f0000 - 0x5b6f3000 	C:\Program Files (x86)\Java\jdk1.8.0_321\jre\bin\api-ms-win-core-file-l2-1-0.dll
0x5b6e0000 - 0x5b6e3000 	C:\Program Files (x86)\Java\jdk1.8.0_321\jre\bin\api-ms-win-core-handle-l1-1-0.dll
0x5b6d0000 - 0x5b6d3000 	C:\Program Files (x86)\Java\jdk1.8.0_321\jre\bin\api-ms-win-core-heap-l1-1-0.dll
0x5b6c0000 - 0x5b6c3000 	C:\Program Files (x86)\Java\jdk1.8.0_321\jre\bin\api-ms-win-core-interlocked-l1-1-0.dll
0x5b6b0000 - 0x5b6b3000 	C:\Program Files (x86)\Java\jdk1.8.0_321\jre\bin\api-ms-win-core-libraryloader-l1-1-0.dll
0x5b6a0000 - 0x5b6a3000 	C:\Program Files (x86)\Java\jdk1.8.0_321\jre\bin\api-ms-win-core-localization-l1-2-0.dll
0x5b690000 - 0x5b693000 	C:\Program Files (x86)\Java\jdk1.8.0_321\jre\bin\api-ms-win-core-memory-l1-1-0.dll
0x5b680000 - 0x5b683000 	C:\Program Files (x86)\Java\jdk1.8.0_321\jre\bin\api-ms-win-core-namedpipe-l1-1-0.dll
0x5b670000 - 0x5b673000 	C:\Program Files (x86)\Java\jdk1.8.0_321\jre\bin\api-ms-win-core-processenvironment-l1-1-0.dll
0x5b660000 - 0x5b663000 	C:\Program Files (x86)\Java\jdk1.8.0_321\jre\bin\api-ms-win-core-processthreads-l1-1-0.dll
0x5b650000 - 0x5b653000 	C:\Program Files (x86)\Java\jdk1.8.0_321\jre\bin\api-ms-win-core-processthreads-l1-1-1.dll
0x5b640000 - 0x5b643000 	C:\Program Files (x86)\Java\jdk1.8.0_321\jre\bin\api-ms-win-core-profile-l1-1-0.dll
0x5b630000 - 0x5b633000 	C:\Program Files (x86)\Java\jdk1.8.0_321\jre\bin\api-ms-win-core-rtlsupport-l1-1-0.dll
0x5b620000 - 0x5b623000 	C:\Program Files (x86)\Java\jdk1.8.0_321\jre\bin\api-ms-win-core-string-l1-1-0.dll
0x5b610000 - 0x5b613000 	C:\Program Files (x86)\Java\jdk1.8.0_321\jre\bin\api-ms-win-core-synch-l1-1-0.dll
0x5b600000 - 0x5b603000 	C:\Program Files (x86)\Java\jdk1.8.0_321\jre\bin\api-ms-win-core-synch-l1-2-0.dll
0x5b5f0000 - 0x5b5f3000 	C:\Program Files (x86)\Java\jdk1.8.0_321\jre\bin\api-ms-win-core-sysinfo-l1-1-0.dll
0x5b5e0000 - 0x5b5e3000 	C:\Program Files (x86)\Java\jdk1.8.0_321\jre\bin\api-ms-win-core-timezone-l1-1-0.dll
0x5b5d0000 - 0x5b5d3000 	C:\Program Files (x86)\Java\jdk1.8.0_321\jre\bin\api-ms-win-core-util-l1-1-0.dll
0x5b5c0000 - 0x5b5c3000 	C:\Program Files (x86)\Java\jdk1.8.0_321\jre\bin\api-ms-win-crt-conio-l1-1-0.dll
0x5b5b0000 - 0x5b5b4000 	C:\Program Files (x86)\Java\jdk1.8.0_321\jre\bin\api-ms-win-crt-convert-l1-1-0.dll
0x5b5a0000 - 0x5b5a3000 	C:\Program Files (x86)\Java\jdk1.8.0_321\jre\bin\api-ms-win-crt-environment-l1-1-0.dll
0x5b590000 - 0x5b593000 	C:\Program Files (x86)\Java\jdk1.8.0_321\jre\bin\api-ms-win-crt-filesystem-l1-1-0.dll
0x5b580000 - 0x5b583000 	C:\Program Files (x86)\Java\jdk1.8.0_321\jre\bin\api-ms-win-crt-heap-l1-1-0.dll
0x5b570000 - 0x5b573000 	C:\Program Files (x86)\Java\jdk1.8.0_321\jre\bin\api-ms-win-crt-locale-l1-1-0.dll
0x5b560000 - 0x5b565000 	C:\Program Files (x86)\Java\jdk1.8.0_321\jre\bin\api-ms-win-crt-math-l1-1-0.dll
0x5b550000 - 0x5b555000 	C:\Program Files (x86)\Java\jdk1.8.0_321\jre\bin\api-ms-win-crt-multibyte-l1-1-0.dll
0x5b540000 - 0x5b550000 	C:\Program Files (x86)\Java\jdk1.8.0_321\jre\bin\api-ms-win-crt-private-l1-1-0.dll
0x5b530000 - 0x5b533000 	C:\Program Files (x86)\Java\jdk1.8.0_321\jre\bin\api-ms-win-crt-process-l1-1-0.dll
0x5b520000 - 0x5b524000 	C:\Program Files (x86)\Java\jdk1.8.0_321\jre\bin\api-ms-win-crt-runtime-l1-1-0.dll
0x5b510000 - 0x5b514000 	C:\Program Files (x86)\Java\jdk1.8.0_321\jre\bin\api-ms-win-crt-stdio-l1-1-0.dll
0x5b500000 - 0x5b504000 	C:\Program Files (x86)\Java\jdk1.8.0_321\jre\bin\api-ms-win-crt-string-l1-1-0.dll
0x5b4f0000 - 0x5b4f3000 	C:\Program Files (x86)\Java\jdk1.8.0_321\jre\bin\api-ms-win-crt-time-l1-1-0.dll
0x5b4e0000 - 0x5b4e3000 	C:\Program Files (x86)\Java\jdk1.8.0_321\jre\bin\api-ms-win-crt-utility-l1-1-0.dll
0x5b3c0000 - 0x5b4df000 	C:\Program Files (x86)\Java\jdk1.8.0_321\jre\bin\ucrtbase.dll
0x5b3a0000 - 0x5b3bf000 	C:\Program Files (x86)\Java\jdk1.8.0_321\jre\bin\prism_d3d.dll
0x60170000 - 0x60300000 	C:\Windows\system32\d3d9.dll
0x70380000 - 0x703a6000 	C:\Windows\SYSTEM32\dwmapi.dll
0x74aa0000 - 0x74b14000 	C:\Windows\system32\uxtheme.dll
0x60030000 - 0x6016b000 	C:\Windows\System32\DriverStore\FileRepository\iigd_dch.inf_amd64_a086f01cc7be643a\igdumdim32.dll
0x76e00000 - 0x76e19000 	C:\Windows\System32\bcrypt.dll
0x5c750000 - 0x60024000 	C:\Windows\System32\DriverStore\FileRepository\iigd_dch.inf_amd64_a086f01cc7be643a\igd9dxva32.dll
0x76300000 - 0x763e3000 	C:\Windows\System32\ole32.dll
0x76260000 - 0x762f6000 	C:\Windows\System32\OLEAUT32.dll
0x76960000 - 0x76d9c000 	C:\Windows\System32\SETUPAPI.dll
0x771c0000 - 0x771fb000 	C:\Windows\System32\cfgmgr32.dll
0x6c100000 - 0x6c2c0000 	C:\Windows\System32\DriverStore\FileRepository\iigd_dch.inf_amd64_a086f01cc7be643a\igdgmm32.dll
0x5b360000 - 0x5b397000 	C:\Program Files (x86)\Java\jdk1.8.0_321\jre\bin\glass.dll
0x764a0000 - 0x7654f000 	C:\Windows\System32\COMDLG32.dll
0x766c0000 - 0x76794000 	C:\Windows\System32\MSCTF.dll
0x772e0000 - 0x7733f000 	C:\Windows\System32\bcryptPrimitives.dll
0x5c570000 - 0x5c590000 	C:\Windows\System32\DriverStore\FileRepository\iigd_dch.inf_amd64_a086f01cc7be643a\igdinfo32.dll
0x64100000 - 0x667e7000 	C:\Windows\System32\DriverStore\FileRepository\iigd_dch.inf_amd64_a086f01cc7be643a\igc32.dll
0x71690000 - 0x716bc000 	C:\Windows\SYSTEM32\dxcore.dll
0x5b340000 - 0x5b351000 	C:\Program Files (x86)\Java\jdk1.8.0_321\jre\bin\javafx_font.dll
0x74550000 - 0x74760000 	C:\Windows\SYSTEM32\dwrite.dll
0x76040000 - 0x760be000 	C:\Windows\System32\clbcatq.dll
0x73260000 - 0x733d1000 	C:\Windows\SYSTEM32\WindowsCodecs.dll
0x73e30000 - 0x73e61000 	C:\Windows\system32\dataexchange.dll
0x73640000 - 0x73820000 	C:\Windows\system32\d3d11.dll
0x73820000 - 0x73985000 	C:\Windows\system32\dcomp.dll
0x73570000 - 0x73633000 	C:\Windows\system32\dxgi.dll
0x733e0000 - 0x7356f000 	C:\Windows\system32\twinapi.appcore.dll
0x5b310000 - 0x5b334000 	C:\Program Files (x86)\Common Files\Microsoft Shared\Ink\rtscom.dll
0x72eb0000 - 0x72f69000 	C:\Windows\SYSTEM32\textinputframework.dll
0x72e10000 - 0x72eab000 	C:\Windows\System32\CoreMessaging.dll
0x72b90000 - 0x72e0e000 	C:\Windows\System32\CoreUIComponents.dll
0x72ab0000 - 0x72b8b000 	C:\Windows\SYSTEM32\wintypes.dll
0x74c00000 - 0x74c29000 	C:\Windows\SYSTEM32\ntmarta.dll
0x72a50000 - 0x72aa3000 	C:\Windows\system32\Oleacc.dll
0x6d290000 - 0x6d504000 	C:\Windows\SYSTEM32\UIAutomationCore.DLL
0x73a30000 - 0x73af2000 	C:\Windows\SYSTEM32\PROPSYS.dll
0x6fe00000 - 0x6fe3d000 	C:\Windows\System32\OneCoreCommonProxyStub.dll
0x6c9d0000 - 0x6cee5000 	C:\Windows\SYSTEM32\d2d1.dll
0x6a750000 - 0x6ad12000 	C:\Windows\SYSTEM32\D3D10Warp.dll
0x5b300000 - 0x5b310000 	C:\Program Files (x86)\Java\jdk1.8.0_321\jre\bin\prism_common.dll
0x74820000 - 0x749a8000 	C:\Windows\SYSTEM32\dbghelp.dll

VM Arguments:
jvm_args: -Dfile.encoding=UTF-8 
java_command: C:\Users\emman\Documents\NetBeansProjects\AGSEC REPORT SYSTEM\dist\run1944962287\AGSEC REPORT SYSTEM.jar
java_class_path (initial): C:\Users\emman\Documents\NetBeansProjects\AGSEC REPORT SYSTEM\dist\run1944962287\AGSEC REPORT SYSTEM.jar
Launcher Type: SUN_STANDARD

Environment Variables:
PATH=C:\ProgramData\Oracle\Java\javapath;C:\Program Files\Common Files\Oracle\Java\javapath;C:\Program Files (x86)\Common Files\Oracle\Java\javapath;C:\Windows\system32;C:\Windows;C:\Windows\System32\Wbem;C:\Windows\System32\WindowsPowerShell\v1.0\;C:\Windows\System32\OpenSSH\;C:\Program Files\Git\cmd;C:\Users\emman\flutter\bin;C:\Program Files\MongoDB\Server\5.0\bin;C:\Users\emman\AppData\Local\Microsoft\WindowsApps;C:\Users\emman\AppData\Local\Programs\Microsoft VS Code\bin;C:\Users\emman\flutter\bin;C:\Users\emman\AppData\Local\GitHubDesktop\bin;C:\Program Files\MongoDB\Server\5.0\bin;
USERNAME=emman
OS=Windows_NT
PROCESSOR_IDENTIFIER=Intel64 Family 6 Model 78 Stepping 3, GenuineIntel



---------------  S Y S T E M  ---------------

OS: Windows 10 , 64 bit Build 19041 (10.0.19041.1503)

CPU:total 4 (initial active 4) (2 cores per cpu, 2 threads per core) family 6 model 78 stepping 3, cmov, cx8, fxsr, mmx, sse, sse2, sse3, ssse3, sse4.1, sse4.2, popcnt, avx, avx2, aes, clmul, erms, 3dnowpref, lzcnt, ht, tsc, tscinvbit, bmi1, bmi2, adx

Memory: 4k page, physical 8129308k(903804k free), swap 16257120k(2402400k free)

vm_info: Java HotSpot(TM) Client VM (25.321-b07) for windows-x86 JRE (1.8.0_321-b07), built on Dec 15 2021 11:26:46 by "java_re" with MS VC++ 15.9 (VS2017)

time: Thu Feb 24 19:18:14 2022
timezone: Greenwich Standard Time
elapsed time: 5.314389 seconds (0d 0h 0m 5s)

